<?xml version="1.0" encoding="UTF-8"?>
<testng-results skipped="0" failed="0" ignored="0" total="1" passed="1">
  <reporter-output>
  </reporter-output>
  <suite name=" Regression Suite" duration-ms="7137" started-at="2021-06-04T11:40:56Z" finished-at="2021-06-04T11:41:03Z">
    <groups>
    </groups>
    <test name="Credit card test" duration-ms="7137" started-at="2021-06-04T11:40:56Z" finished-at="2021-06-04T11:41:03Z">
      <class name="test.LoginTest">
        <test-method status="PASS" signature="setup()[pri:0, instance:test.LoginTest@b7dd107]" name="setup" is-config="true" duration-ms="4433" started-at="2021-06-04T11:40:56Z" finished-at="2021-06-04T11:41:00Z">
          <reporter-output>
          </reporter-output>
        </test-method> <!-- setup -->
        <test-method status="PASS" signature="login(java.lang.String, java.lang.String)[pri:0, instance:test.LoginTest@b7dd107]" name="login" duration-ms="2611" started-at="2021-06-04T11:41:00Z" finished-at="2021-06-04T11:41:03Z">
          <params>
            <param index="0">
              <value>
                <![CDATA[ashwinprabhu916@gmail.com]]>
              </value>
            </param>
            <param index="1">
              <value>
                <![CDATA[1234567]]>
              </value>
            </param>
          </params>
          <reporter-output>
          </reporter-output>
        </test-method> <!-- login -->
        <test-method status="PASS" signature="down()[pri:0, instance:test.LoginTest@b7dd107]" name="down" is-config="true" duration-ms="72" started-at="2021-06-04T11:41:03Z" finished-at="2021-06-04T11:41:03Z">
          <reporter-output>
          </reporter-output>
        </test-method> <!-- down -->
      </class> <!-- test.LoginTest -->
    </test> <!-- Credit card test -->
  </suite> <!--  Regression Suite -->
</testng-results>
