<?xml version="1.0" encoding="UTF-8"?>
<testng-results skipped="0" failed="0" ignored="0" total="1" passed="1">
  <reporter-output>
  </reporter-output>
  <suite name=" Regression Suite" duration-ms="8878" started-at="2021-06-04T10:59:23Z" finished-at="2021-06-04T10:59:31Z">
    <groups>
    </groups>
    <test name="Credit card test" duration-ms="8878" started-at="2021-06-04T10:59:23Z" finished-at="2021-06-04T10:59:31Z">
      <class name="test.LoginTest">
        <test-method status="PASS" signature="setup()[pri:0, instance:test.LoginTest@1da51a35]" name="setup" is-config="true" duration-ms="5124" started-at="2021-06-04T10:59:23Z" finished-at="2021-06-04T10:59:28Z">
          <reporter-output>
          </reporter-output>
        </test-method> <!-- setup -->
        <test-method status="PASS" signature="login(java.lang.String, java.lang.String)[pri:0, instance:test.LoginTest@1da51a35]" name="login" duration-ms="3648" started-at="2021-06-04T10:59:28Z" finished-at="2021-06-04T10:59:31Z">
          <params>
            <param index="0">
              <value>
                <![CDATA[ashwinprabhu916@gmail.com]]>
              </value>
            </param>
            <param index="1">
              <value>
                <![CDATA[1234567]]>
              </value>
            </param>
          </params>
          <reporter-output>
          </reporter-output>
        </test-method> <!-- login -->
        <test-method status="PASS" signature="down()[pri:0, instance:test.LoginTest@1da51a35]" name="down" is-config="true" duration-ms="72" started-at="2021-06-04T10:59:31Z" finished-at="2021-06-04T10:59:31Z">
          <reporter-output>
          </reporter-output>
        </test-method> <!-- down -->
      </class> <!-- test.LoginTest -->
    </test> <!-- Credit card test -->
  </suite> <!--  Regression Suite -->
</testng-results>
